Reusing configuration cache.
> Task :checkKotlinGradlePluginConfigurationErrors SKIPPED

> Task :compileKotlin FAILED
e: org.jetbrains.kotlin.backend.common.BackendException: Backend Internal error: Exception during IR fake override builder
File being compiled: /Users/phodal/ai/acp-manager/src/main/kotlin/com/github/phodal/acpmanager/ui/renderer/DefaultAcpEventRenderer.kt
The root cause java.lang.OutOfMemoryError was thrown at: unknown
	at org.jetbrains.kotlin.backend.common.BackendException$Companion.report(BackendException.kt:31)
	at org.jetbrains.kotlin.backend.common.BackendException$Companion.report$default(BackendException.kt:15)
	at org.jetbrains.kotlin.fir.pipeline.Fir2IrPipeline.buildForAll(convertToIr.kt:418)
	at org.jetbrains.kotlin.fir.pipeline.Fir2IrPipeline.buildFakeOverrides(convertToIr.kt:351)
	at org.jetbrains.kotlin.fir.pipeline.Fir2IrPipeline.buildFakeOverridesAndPlatformSpecificDeclarations(convertToIr.kt:339)
	at org.jetbrains.kotlin.fir.pipeline.Fir2IrPipeline.runActualizationPipeline(convertToIr.kt:243)
	at org.jetbrains.kotlin.fir.pipeline.Fir2IrPipeline.convertToIrAndActualize(convertToIr.kt:150)
	at org.jetbrains.kotlin.fir.pipeline.ConvertToIrKt.convertToIrAndActualize(convertToIr.kt:115)
	at org.jetbrains.kotlin.fir.pipeline.ConvertToIrKt.convertToIrAndActualize$default(convertToIr.kt:88)
	at org.jetbrains.kotlin.cli.jvm.compiler.legacy.pipeline.JvmCompilerPipelineKt.convertToIrAndActualizeForJvm(jvmCompilerPipeline.kt:100)
	at org.jetbrains.kotlin.cli.pipeline.jvm.JvmFir2IrPipelinePhase.executePhase(JvmFir2IrPipelinePhase.kt:30)
	at org.jetbrains.kotlin.cli.pipeline.jvm.JvmFir2IrPipelinePhase.executePhase(JvmFir2IrPipelinePhase.kt:25)
	at org.jetbrains.kotlin.cli.pipeline.jvm.JvmFir2IrPipelinePhase.executePhase(JvmFir2IrPipelinePhase.kt:19)
	at org.jetbrains.kotlin.cli.pipeline.PipelinePhase.phaseBody(PipelinePhase.kt:68)
	at org.jetbrains.kotlin.cli.pipeline.PipelinePhase.phaseBody(PipelinePhase.kt:58)
	at org.jetbrains.kotlin.config.phaser.NamedCompilerPhase.invoke(CompilerPhase.kt:102)
	at org.jetbrains.kotlin.backend.common.phaser.CompositePhase.invoke(PhaseBuilders.kt:22)
	at org.jetbrains.kotlin.config.phaser.CompilerPhaseKt.invokeToplevel(CompilerPhase.kt:53)
	at org.jetbrains.kotlin.cli.pipeline.AbstractCliPipeline.runPhasedPipeline(AbstractCliPipeline.kt:109)
	at org.jetbrains.kotlin.cli.pipeline.AbstractCliPipeline.execute(AbstractCliPipeline.kt:68)
	at org.jetbrains.kotlin.cli.jvm.K2JVMCompiler.doExecutePhased(K2JVMCompiler.kt:51)
	at org.jetbrains.kotlin.cli.jvm.K2JVMCompiler.doExecutePhased(K2JVMCompiler.kt:42)
	at org.jetbrains.kotlin.cli.common.CLICompiler.execImpl(CLICompiler.kt:89)
	at org.jetbrains.kotlin.cli.common.CLICompiler.exec(CLICompiler.kt:359)
	at org.jetbrains.kotlin.incremental.IncrementalJvmCompilerRunnerBase.runCompiler(IncrementalJvmCompilerRunnerBase.kt:178)
	at org.jetbrains.kotlin.incremental.IncrementalJvmCompilerRunnerBase.runCompiler(IncrementalJvmCompilerRunnerBase.kt:40)
	at org.jetbrains.kotlin.incremental.IncrementalCompilerRunner.doCompile(IncrementalCompilerRunner.kt:504)
	at org.jetbrains.kotlin.incremental.IncrementalCompilerRunner.compileImpl(IncrementalCompilerRunner.kt:418)
	at org.jetbrains.kotlin.incremental.IncrementalCompilerRunner.compileNonIncrementally(IncrementalCompilerRunner.kt:301)
	at org.jetbrains.kotlin.incremental.IncrementalCompilerRunner.compile(IncrementalCompilerRunner.kt:128)
	at org.jetbrains.kotlin.daemon.CompileServiceImplBase.execIncrementalCompiler(CompileServiceImpl.kt:684)
	at org.jetbrains.kotlin.daemon.CompileServiceImplBase.access$execIncrementalCompiler(CompileServiceImpl.kt:94)
	at org.jetbrains.kotlin.daemon.CompileServiceImpl.compile(CompileServiceImpl.kt:1810)
	at jdk.internal.reflect.GeneratedMethodAccessor12.invoke(Unknown Source)
	at java.base/jdk.internal.reflect.DelegatingMethodAccessorImpl.invoke(DelegatingMethodAccessorImpl.java:43)
	at java.base/java.lang.reflect.Method.invoke(Method.java:569)
	at java.rmi/sun.rmi.server.UnicastServerRef.dispatch(UnicastServerRef.java:360)
	at java.rmi/sun.rmi.transport.Transport$1.run(Transport.java:200)
	at java.rmi/sun.rmi.transport.Transport$1.run(Transport.java:197)
	at java.base/java.security.AccessController.doPrivileged(AccessController.java:712)
	at java.rmi/sun.rmi.transport.Transport.serviceCall(Transport.java:196)
	at java.rmi/sun.rmi.transport.tcp.TCPTransport.handleMessages(TCPTransport.java:587)
	at java.rmi/sun.rmi.transport.tcp.TCPTransport$ConnectionHandler.run0(TCPTransport.java:828)
	at java.rmi/sun.rmi.transport.tcp.TCPTransport$ConnectionHandler.lambda$run$0(TCPTransport.java:705)
	at java.base/java.security.AccessController.doPrivileged(AccessController.java:399)
	at java.rmi/sun.rmi.transport.tcp.TCPTransport$ConnectionHandler.run(TCPTransport.java:704)
	at java.base/java.util.concurrent.ThreadPoolExecutor.runWorker(ThreadPoolExecutor.java:1136)
	at java.base/java.util.concurrent.ThreadPoolExecutor$Worker.run(ThreadPoolExecutor.java:635)
	at java.base/java.lang.Thread.run(Thread.java:840)
Caused by: java.lang.OutOfMemoryError: GC overhead limit exceeded

w: Detected multiple Kotlin daemon sessions at 

FAILURE: Build failed with an exception.

* What went wrong:
Execution failed for task ':compileKotlin'.
> A failure occurred while executing org.jetbrains.kotlin.compilerRunner.GradleCompilerRunnerWithWorkers$GradleKotlinCompilerWorkAction
   > Not enough memory to run compilation. Try to increase it via 'gradle.properties':
     kotlin.daemon.jvmargs=-Xmx<size>

* Try:
> Run with --stacktrace option to get the stack trace.
> Run with --info or --debug option to get more log output.
> Run with --scan to get full insights from a Build Scan (powered by Develocity).
> Get more help at https://help.gradle.org.

BUILD FAILED in 10s
1 actionable task: 1 executed
Configuration cache entry reused.
